#
# A fatal error has been detected by the Java Runtime Environment:
#
#  EXCEPTION_ACCESS_VIOLATION (0xc0000005) at pc=0x00000281f205aaeb, pid=17980, tid=0x00000000000040b0
#
# JRE version: Java(TM) SE Runtime Environment (8.0_261-b12) (build 1.8.0_261-b12)
# Java VM: Java HotSpot(TM) 64-Bit Server VM (25.261-b12 mixed mode windows-amd64 compressed oops)
# Problematic frame:
# C  0x00000281f205aaeb
#
# Failed to write core dump. Minidumps are not enabled by default on client versions of Windows
#
# If you would like to submit a bug report, please visit:
#   http://bugreport.java.com/bugreport/crash.jsp
# The crash happened outside the Java Virtual Machine in native code.
# See problematic frame for where to report the bug.
#

---------------  T H R E A D  ---------------

Current thread (0x00000281c4bef000):  JavaThread "Render thread" [_thread_in_native, id=16560, stack(0x0000009f00600000,0x0000009f00700000)]

siginfo: ExceptionCode=0xc0000005, reading address 0x00000281eaee5000

Registers:
RAX=0x00000281b3c9b340, RBX=0x00000281f0750000, RCX=0x00000000000013bc, RDX=0x0000000000001adc
RSP=0x0000009f006fd6f0, RBP=0x0000000043c20000, RSI=0x00000281eaee4ffc, RDI=0x0000000002190000
R8 =0x0000000000000000, R9 =0x0000000000002e98, R10=0x00000281ed8ebca0, R11=0x0000000000000000
R12=0x0000000000000000, R13=0x0000000000000000, R14=0x0000000000000007, R15=0x00000281b3c60000
RIP=0x00000281f205aaeb, EFLAGS=0x0000000000010202

Top of Stack: (sp=0x0000009f006fd6f0)
0x0000009f006fd6f0:   000000020770bc80 0000000000000000
0x0000009f006fd700:   0000000000002e98 00000281f0750000
0x0000009f006fd710:   00000281ed8ebca0 00007ffba6fa11b9
0x0000009f006fd720:   00000281f0750000 00000281ed8ebca0
0x0000009f006fd730:   0000000000002e98 00000281f0750000
0x0000009f006fd740:   d3ffc5dfc85ae250 00000281c4bef000
0x0000009f006fd750:   0c08000000892083 00000281f07abb30
0x0000009f006fd760:   0000000000000007 00000281ed8ebca0
0x0000009f006fd770:   0000000000002e98 0000000000000000
0x0000009f006fd780:   00000281f0750000 00007ffba6f9d9bd
0x0000009f006fd790:   0000000000000000 0000000000000000
0x0000009f006fd7a0:   00000007a15993c0 00000281c4bef000
0x0000009f006fd7b0:   0c08000000892083 008000000000000c
0x0000009f006fd7c0:   0000000000000001 00007ffba6b31ba3
0x0000009f006fd7d0:   00000281f0750000 0000000000000080
0x0000009f006fd7e0:   0000000000000000 0000000000000007 

Instructions: (pc=0x00000281f205aaeb)
0x00000281f205aacb:   78 08 48 be 08 c6 7a f0 81 02 00 00 48 8b 36 48
0x00000281f205aadb:   8b b6 38 03 00 00 48 8d 3c 89 48 8d 34 be 8b 3e
0x00000281f205aaeb:   8b 6e 04 89 78 0c 89 68 10 48 be 08 c6 7a f0 81
0x00000281f205aafb:   02 00 00 48 8b 36 48 8b 76 38 48 8d 3c c9 48 8d 


Register to memory mapping:

RAX=0x00000281b3c9b340 is an unknown value
RBX=0x00000281f0750000 is an unknown value
RCX=0x00000000000013bc is an unknown value
RDX=0x0000000000001adc is an unknown value
RSP=0x0000009f006fd6f0 is pointing into the stack for thread: 0x00000281c4bef000
RBP=0x0000000043c20000 is an unknown value
RSI=0x00000281eaee4ffc is an unknown value
RDI=0x0000000002190000 is an unknown value
R8 =0x0000000000000000 is an unknown value
R9 =0x0000000000002e98 is an unknown value
R10=0x00000281ed8ebca0 is an unknown value
R11=0x0000000000000000 is an unknown value
R12=0x0000000000000000 is an unknown value
R13=0x0000000000000000 is an unknown value
R14=0x0000000000000007 is an unknown value
R15=0x00000281b3c60000 is an unknown value


Stack: [0x0000009f00600000,0x0000009f00700000],  sp=0x0000009f006fd6f0,  free space=1013k
Native frames: (J=compiled Java code, j=interpreted, Vv=VM code, C=native code)
C  0x00000281f205aaeb

Java frames: (J=compiled Java code, j=interpreted, Vv=VM code)
J 14209  org.lwjgl.opengl.GL11C.glDrawArrays(III)V (0 bytes) @ 0x00000281c898b1c9 [0x00000281c898b180+0x49]
J 14142 C1 net.minecraft.class_286.method_22639(Ljava/nio/ByteBuffer;ILnet/minecraft/class_293;I)V (37 bytes) @ 0x00000281c89613bc [0x00000281c89606a0+0xd1c]
J 26747 C1 net.minecraft.class_286.method_1309(Lnet/minecraft/class_287;)V (54 bytes) @ 0x00000281ca5387b4 [0x00000281ca537fc0+0x7f4]
J 16574 C1 net.minecraft.class_1921.method_23012(Lnet/minecraft/class_287;III)V (43 bytes) @ 0x00000281c8ffb06c [0x00000281c8ffad80+0x2ec]
J 29965 C1 net.minecraft.class_4597$class_4598.method_22994(Lnet/minecraft/class_1921;)V (65 bytes) @ 0x00000281c7c4bd84 [0x00000281c7c4b720+0x664]
J 16568 C1 net.minecraft.class_4597$class_4598.method_22993()V (56 bytes) @ 0x00000281c8ff2d2c [0x00000281c8ff21a0+0xb8c]
j  me.shedaniel.rei.gui.widget.EntryListWidget.renderEntries(Z[I[JZLnet/minecraft/class_4587;IIFLjava/util/List;)V+196
j  me.shedaniel.rei.gui.widget.EntryListWidget.lambda$render$6([I[JZLnet/minecraft/class_4587;IIFLjava/lang/Integer;Ljava/util/List;)V+17
j  me.shedaniel.rei.gui.widget.EntryListWidget$$Lambda$8710.accept(Ljava/lang/Object;Ljava/lang/Object;)V+40
J 17464 C1 java.util.HashMap.forEach(Ljava/util/function/BiConsumer;)V (103 bytes) @ 0x00000281c7963fdc [0x00000281c7963dc0+0x21c]
j  me.shedaniel.rei.gui.widget.EntryListWidget.method_25394(Lnet/minecraft/class_4587;IIF)V+434
j  me.shedaniel.rei.gui.ContainerScreenOverlay.renderWidgets(Lnet/minecraft/class_4587;IIF)V+110
j  me.shedaniel.rei.gui.ContainerScreenOverlay.method_25394(Lnet/minecraft/class_4587;IIF)V+374
j  me.shedaniel.rei.RoughlyEnoughItemsCore.lambda$registerClothEvents$12(Lnet/minecraft/class_4587;Lnet/minecraft/class_310;Lnet/minecraft/class_437;IIF)V+19
j  me.shedaniel.rei.RoughlyEnoughItemsCore$$Lambda$5174.render(Lnet/minecraft/class_4587;Lnet/minecraft/class_310;Lnet/minecraft/class_437;IIF)V+13
j  net.minecraft.class_437.handler$bbm000$onPostDraw(Lnet/minecraft/class_4587;IIFLorg/spongepowered/asm/mixin/injection/callback/CallbackInfo;)V+27
j  net.minecraft.class_437.method_25394(Lnet/minecraft/class_4587;IIF)V+93
j  net.minecraft.class_465.method_25394(Lnet/minecraft/class_4587;IIF)V+33
j  net.minecraft.class_485.method_25394(Lnet/minecraft/class_4587;IIF)V+6
j  net.minecraft.class_481.method_25394(Lnet/minecraft/class_4587;IIF)V+11
J 15027 C1 net.minecraft.class_757.method_3192(FJZ)V (981 bytes) @ 0x00000281c8c51b84 [0x00000281c8c43660+0xe524]
J 14826 C1 net.minecraft.class_310.method_1523(Z)V (962 bytes) @ 0x00000281c8572564 [0x00000281c856d6e0+0x4e84]
j  net.minecraft.class_310.method_1514()V+123
j  net.minecraft.client.main.Main.main([Ljava/lang/String;)V+1366
v  ~StubRoutines::call_stub
j  sun.reflect.NativeMethodAccessorImpl.invoke0(Ljava/lang/reflect/Method;Ljava/lang/Object;[Ljava/lang/Object;)Ljava/lang/Object;+0
j  sun.reflect.NativeMethodAccessorImpl.invoke(Ljava/lang/Object;[Ljava/lang/Object;)Ljava/lang/Object;+100
J 3720 C2 java.lang.reflect.Method.invoke(Ljava/lang/Object;[Ljava/lang/Object;)Ljava/lang/Object; (62 bytes) @ 0x00000281c72e5e74 [0x00000281c72e5dc0+0xb4]
j  net.fabricmc.loader.game.MinecraftGameProvider.launch(Ljava/lang/ClassLoader;)V+71
j  net.fabricmc.loader.launch.knot.Knot.init([Ljava/lang/String;)V+691
j  net.fabricmc.loader.launch.knot.KnotClient.main([Ljava/lang/String;)V+33
v  ~StubRoutines::call_stub

---------------  P R O C E S S  ---------------

Java Threads: ( => current thread )
  0x00000281b4ea8000 JavaThread "ForkJoinPool.commonPool-worker-0" daemon [_thread_blocked, id=15300, stack(0x0000009f05300000,0x0000009f05400000)]
  0x00000281b4ea9800 JavaThread "ForkJoinPool.commonPool-worker-7" daemon [_thread_blocked, id=19292, stack(0x0000009f04c00000,0x0000009f04d00000)]
  0x00000281b4eab000 JavaThread "IO-Worker-21" [_thread_blocked, id=1100, stack(0x0000009f05100000,0x0000009f05200000)]
  0x00000281b4eab800 JavaThread "justmap-region-updater-1" [_thread_blocked, id=16500, stack(0x0000009f05b00000,0x0000009f05c00000)]
  0x00000281ea286800 JavaThread "ForkJoinPool.commonPool-worker-6" daemon [_thread_blocked, id=17540, stack(0x0000009f05900000,0x0000009f05a00000)]
  0x00000281ff61d000 JavaThread "ForkJoinPool.commonPool-worker-5" daemon [_thread_blocked, id=17344, stack(0x0000009f05800000,0x0000009f05900000)]
  0x00000281ff61c800 JavaThread "ForkJoinPool.commonPool-worker-4" daemon [_thread_blocked, id=20328, stack(0x0000009f05700000,0x0000009f05800000)]
  0x00000281ff621000 JavaThread "ForkJoinPool.commonPool-worker-2" daemon [_thread_blocked, id=19872, stack(0x0000009f05500000,0x0000009f05600000)]
  0x00000281ff61e800 JavaThread "ForkJoinPool.commonPool-worker-1" daemon [_thread_blocked, id=14276, stack(0x0000009f05400000,0x0000009f05500000)]
  0x00000281ff620000 JavaThread "justmap-chunk-update-listener-1" [_thread_in_Java, id=7880, stack(0x0000009f05200000,0x0000009f05300000)]
  0x00000281ff621800 JavaThread "justmap-chunk-updater-1" [_thread_blocked, id=12136, stack(0x0000009f05000000,0x0000009f05100000)]
  0x00000281ff61f800 JavaThread "justmap-chunk-processor-1" [_thread_blocked, id=3148, stack(0x0000009f02500000,0x0000009f02600000)]
  0x00000281ff615000 JavaThread "REI-SyncRecipes" [_thread_blocked, id=19324, stack(0x0000009f00400000,0x0000009f00500000)]
  0x00000281ff618000 JavaThread "Sound engine" daemon [_thread_blocked, id=19120, stack(0x0000009f04f00000,0x0000009f05000000)]
  0x00000281ff61a000 JavaThread "Netty Server IO #1" daemon [_thread_in_native, id=8040, stack(0x0000009f04e00000,0x0000009f04f00000)]
  0x00000281ff617000 JavaThread "Netty Local Client IO #0" daemon [_thread_blocked, id=8888, stack(0x0000009f04d00000,0x0000009f04e00000)]
  0x00000281ff616800 JavaThread "Netty Server IO #0" daemon [_thread_in_native, id=18852, stack(0x0000009f04b00000,0x0000009f04c00000)]
  0x00000281ff615800 JavaThread "ObjectCleanerThread" daemon [_thread_blocked, id=10260, stack(0x0000009f04a00000,0x0000009f04b00000)]
  0x00000281e7cc0800 JavaThread "Exotic Matter Simulation Control Thread -1" daemon [_thread_blocked, id=11868, stack(0x0000009f04900000,0x0000009f04a00000)]
  0x000002818cd76800 JavaThread "Java2D Disposer" daemon [_thread_blocked, id=2468, stack(0x0000009f04800000,0x0000009f04900000)]
  0x000002818cd75800 JavaThread "Timer-206" daemon [_thread_blocked, id=2128, stack(0x0000009f04700000,0x0000009f04800000)]
  0x000002818cd74000 JavaThread "Exotic Matter Simulation Thread - 6" daemon [_thread_blocked, id=5264, stack(0x0000009f04600000,0x0000009f04700000)]
  0x000002818cd78000 JavaThread "Exotic Matter Simulation Thread - 5" daemon [_thread_blocked, id=14508, stack(0x0000009f04500000,0x0000009f04600000)]
  0x000002818cd75000 JavaThread "Exotic Matter Simulation Thread - 4" daemon [_thread_blocked, id=21368, stack(0x0000009f04400000,0x0000009f04500000)]
  0x000002818cd73800 JavaThread "Exotic Matter Simulation Thread - 3" daemon [_thread_blocked, id=15868, stack(0x0000009f04300000,0x0000009f04400000)]
  0x000002818cd77000 JavaThread "Exotic Matter Simulation Thread - 2" daemon [_thread_blocked, id=7124, stack(0x0000009f04200000,0x0000009f04300000)]
  0x000002818cd6c000 JavaThread "Exotic Matter Simulation Thread - 1" daemon [_thread_blocked, id=21940, stack(0x0000009f04100000,0x0000009f04200000)]
  0x000002818cd72800 JavaThread "Exotic Matter Simulation Thread - 0" daemon [_thread_blocked, id=15424, stack(0x0000009f04000000,0x0000009f04100000)]
  0x000002818cd6e000 JavaThread "IO-Worker-20" [_thread_blocked, id=21972, stack(0x0000009f03f00000,0x0000009f04000000)]
  0x000002818cd6b000 JavaThread "IO-Worker-19" [_thread_blocked, id=8532, stack(0x0000009f03e00000,0x0000009f03f00000)]
  0x000002818cd6d800 JavaThread "Worker-Main-18" daemon [_thread_blocked, id=20676, stack(0x0000009f03d00000,0x0000009f03e00000)]
  0x000002818cd70800 JavaThread "Server thread" [_thread_in_Java, id=18748, stack(0x0000009f03500000,0x0000009f03600000)]
  0x000002818cd6c800 JavaThread "Snooper Timer" daemon [_thread_blocked, id=13216, stack(0x0000009f03200000,0x0000009f03300000)]
  0x000002818cd6a800 JavaThread "Canvas Render Thread - 6" daemon [_thread_blocked, id=2660, stack(0x0000009f03300000,0x0000009f03400000)]
  0x00000281e7cbf000 JavaThread "Canvas Render Thread - 5" daemon [_thread_blocked, id=11140, stack(0x0000009f02f00000,0x0000009f03000000)]
  0x00000281e7cc4800 JavaThread "Canvas Render Thread - 4" daemon [_thread_blocked, id=9080, stack(0x0000009f02900000,0x0000009f02a00000)]
  0x00000281e7cbe800 JavaThread "Canvas Render Thread - 3" daemon [_thread_blocked, id=1736, stack(0x0000009f02800000,0x0000009f02900000)]
  0x00000281e7cc3800 JavaThread "Canvas Render Thread - 2" daemon [_thread_blocked, id=6140, stack(0x0000009f01d00000,0x0000009f01e00000)]
  0x00000281ea289800 JavaThread "Canvas Render Thread - 1" daemon [_thread_blocked, id=12932, stack(0x0000009f01c00000,0x0000009f01d00000)]
  0x00000281ea289000 JavaThread "Canvas Render Thread - 0" daemon [_thread_blocked, id=2024, stack(0x0000009f01b00000,0x0000009f01c00000)]
  0x00000281ea288000 JavaThread "Worker-Main-17" daemon [_thread_blocked, id=20536, stack(0x0000009f01a00000,0x0000009f01b00000)]
  0x00000281e7cc9800 JavaThread "Worker-Main-16" daemon [_thread_blocked, id=1084, stack(0x0000009f02000000,0x0000009f02100000)]
  0x00000281e7cc0000 JavaThread "pool-3-thread-3" [_thread_blocked, id=20104, stack(0x0000009f03a00000,0x0000009f03b00000)]
  0x00000281e7cc6800 JavaThread "pool-3-thread-2" [_thread_blocked, id=21008, stack(0x0000009f03900000,0x0000009f03a00000)]
  0x00000281e7cc6000 JavaThread "pool-3-thread-1" [_thread_blocked, id=16292, stack(0x0000009f03000000,0x0000009f03100000)]
  0x00000281e7cc9000 JavaThread "Worker-Main-14" daemon [_thread_blocked, id=3368, stack(0x0000009f03800000,0x0000009f03900000)]
  0x00000281e7cc8000 JavaThread "Worker-Main-13" daemon [_thread_blocked, id=20896, stack(0x0000009f03700000,0x0000009f03800000)]
  0x00000281e7cc7800 JavaThread "Worker-Main-12" daemon [_thread_blocked, id=22284, stack(0x0000009f03600000,0x0000009f03700000)]
  0x00000281e7cc5000 JavaThread "Worker-Main-10" daemon [_thread_blocked, id=16728, stack(0x0000009f03400000,0x0000009f03500000)]
  0x00000281e7cbd000 JavaThread "Narrator" [_thread_blocked, id=19364, stack(0x0000009f01e00000,0x0000009f01f00000)]
  0x00000281e7cbc000 JavaThread "justmap-worker-1" [_thread_blocked, id=18008, stack(0x0000009f02300000,0x0000009f02400000)]
  0x00000281e7cbb800 JavaThread "Snooper Timer" daemon [_thread_blocked, id=16716, stack(0x0000009f02200000,0x0000009f02300000)]
  0x00000281ea28c000 JavaThread "Timer hack thread" daemon [_thread_blocked, id=10296, stack(0x0000009f02100000,0x0000009f02200000)]
  0x00000281e451b000 JavaThread "Service Thread" daemon [_thread_blocked, id=14060, stack(0x0000009f01800000,0x0000009f01900000)]
  0x00000281e44b2800 JavaThread "C1 CompilerThread3" daemon [_thread_blocked, id=8464, stack(0x0000009f01700000,0x0000009f01800000)]
  0x00000281e44ae000 JavaThread "C2 CompilerThread2" daemon [_thread_in_native, id=14696, stack(0x0000009f01600000,0x0000009f01700000)]
  0x00000281e44a7800 JavaThread "C2 CompilerThread1" daemon [_thread_in_native, id=9948, stack(0x0000009f01500000,0x0000009f01600000)]
  0x00000281e44a0800 JavaThread "C2 CompilerThread0" daemon [_thread_in_vm, id=7664, stack(0x0000009f01400000,0x0000009f01500000)]
  0x00000281e449f000 JavaThread "Attach Listener" daemon [_thread_blocked, id=14140, stack(0x0000009f01300000,0x0000009f01400000)]
  0x00000281e449e000 JavaThread "Signal Dispatcher" daemon [_thread_blocked, id=1368, stack(0x0000009f01200000,0x0000009f01300000)]
  0x00000281e447e000 JavaThread "Finalizer" daemon [_thread_blocked, id=8760, stack(0x0000009f01100000,0x0000009f01200000)]
  0x00000281e444f000 JavaThread "Reference Handler" daemon [_thread_blocked, id=12160, stack(0x0000009f01000000,0x0000009f01100000)]
=>0x00000281c4bef000 JavaThread "Render thread" [_thread_in_native, id=16560, stack(0x0000009f00600000,0x0000009f00700000)]

Other Threads:
  0x00000281e4447800 VMThread [stack: 0x0000009f00f00000,0x0000009f01000000] [id=18644]
  0x00000281e6364000 WatcherThread [stack: 0x0000009f01900000,0x0000009f01a00000] [id=5136]

VM state:not at safepoint (normal execution)

VM Mutex/Monitor currently owned by a thread: None

heap address: 0x0000000640000000, size: 6144 MB, Compressed Oops mode: Zero based, Oop shift amount: 3
Narrow klass base: 0x0000000000000000, Narrow klass shift: 3
Compressed class space size: 1073741824 Address: 0x00000007c0000000

Heap:
 PSYoungGen      total 1397248K, used 1065006K [0x0000000740000000, 0x00000007c0000000, 0x00000007c0000000)
  eden space 699392K, 97% used [0x0000000740000000,0x00000007696ba5d8,0x000000076ab00000)
  from space 697856K, 55% used [0x0000000795680000,0x00000007acfd12c0,0x00000007c0000000)
  to   space 698880K, 0% used [0x000000076ab00000,0x000000076ab00000,0x0000000795580000)
 ParOldGen       total 2317312K, used 1752174K [0x0000000640000000, 0x00000006cd700000, 0x0000000740000000)
  object space 2317312K, 75% used [0x0000000640000000,0x00000006aaf1b968,0x00000006cd700000)
 Metaspace       used 137077K, capacity 153118K, committed 153240K, reserved 1177600K
  class space    used 21142K, capacity 25196K, committed 25240K, reserved 1048576K

Card table byte_map: [0x00000281d5a10000,0x00000281d6620000] byte_map_base: 0x00000281d2810000

Marking Bits: (ParMarkBitMap*) 0x0000000063bc4fb0
 Begin Bits: [0x00000281d6e20000, 0x00000281dce20000)
 End Bits:   [0x00000281dce20000, 0x00000281e2e20000)

Polling page: 0x00000281c4dd0000

CodeCache: size=245760Kb used=70823Kb max_used=72846Kb free=174936Kb
 bounds [0x00000281c6650000, 0x00000281cadf0000, 0x00000281d5650000]
 total_blobs=22694 nmethods=20677 adapters=1925
 compilation: enabled

Compilation events (10 events):
Event: 117.079 Thread 0x00000281e44b2800 nmethod 30010 0x00000281ca9bf250 code [0x00000281ca9bf480, 0x00000281ca9c0330]
Event: 117.080 Thread 0x00000281e44b2800 30011       3       net.minecraft.class_1921::method_23583 (4 bytes)
Event: 117.080 Thread 0x00000281e44b2800 nmethod 30011 0x00000281c8d04310 code [0x00000281c8d04460, 0x00000281c8d04598]
Event: 117.080 Thread 0x00000281e44b2800 30012       1       me.shedaniel.math.Rectangle::getWidth (5 bytes)
Event: 117.080 Thread 0x00000281e44b2800 nmethod 30012 0x00000281c9f96cd0 code [0x00000281c9f96e20, 0x00000281c9f96f38]
Event: 117.080 Thread 0x00000281e44b2800 30013       1       me.shedaniel.math.Rectangle::getHeight (5 bytes)
Event: 117.080 Thread 0x00000281e44b2800 nmethod 30013 0x00000281c9fa9b10 code [0x00000281c9fa9c60, 0x00000281c9fa9d78]
Event: 117.080 Thread 0x00000281e44b2800 30014       3       me.shedaniel.rei.impl.ItemEntryStack::getModelFromStack (13 bytes)
Event: 117.080 Thread 0x00000281e44b2800 nmethod 30014 0x00000281ca5424d0 code [0x00000281ca542640, 0x00000281ca542890]
Event: 117.081 Thread 0x00000281e44b2800 30016       3       net.minecraft.class_918::method_23179 (533 bytes)

GC Heap History (10 events):
Event: 109.995 GC heap before
{Heap before GC invocations=97 (full 7):
 PSYoungGen      total 1376256K, used 1159378K [0x0000000740000000, 0x00000007bf700000, 0x00000007c0000000)
  eden space 783360K, 100% used [0x0000000740000000,0x000000076fd00000,0x000000076fd00000)
  from space 592896K, 63% used [0x000000076fd00000,0x0000000786c34960,0x0000000794000000)
  to   space 629248K, 0% used [0x0000000799080000,0x0000000799080000,0x00000007bf700000)
 ParOldGen       total 2317312K, used 1750161K [0x0000000640000000, 0x00000006cd700000, 0x0000000740000000)
  object space 2317312K, 75% used [0x0000000640000000,0x00000006aad24458,0x00000006cd700000)
 Metaspace       used 134595K, capacity 150122K, committed 150424K, reserved 1175552K
  class space    used 20921K, capacity 24906K, committed 24984K, reserved 1048576K
Event: 110.110 GC heap after
Heap after GC invocations=97 (full 7):
 PSYoungGen      total 1419776K, used 367520K [0x0000000740000000, 0x00000007c0000000, 0x00000007c0000000)
  eden space 790528K, 0% used [0x0000000740000000,0x0000000740000000,0x0000000770400000)
  from space 629248K, 58% used [0x0000000799080000,0x00000007af7683a0,0x00000007bf700000)
  to   space 653312K, 0% used [0x0000000770400000,0x0000000770400000,0x0000000798200000)
 ParOldGen       total 2317312K, used 1750169K [0x0000000640000000, 0x00000006cd700000, 0x0000000740000000)
  object space 2317312K, 75% used [0x0000000640000000,0x00000006aad26458,0x00000006cd700000)
 Metaspace       used 134595K, capacity 150122K, committed 150424K, reserved 1175552K
  class space    used 20921K, capacity 24906K, committed 24984K, reserved 1048576K
}
Event: 110.975 GC heap before
{Heap before GC invocations=98 (full 7):
 PSYoungGen      total 1419776K, used 1158048K [0x0000000740000000, 0x00000007c0000000, 0x00000007c0000000)
  eden space 790528K, 100% used [0x0000000740000000,0x0000000770400000,0x0000000770400000)
  from space 629248K, 58% used [0x0000000799080000,0x00000007af7683a0,0x00000007bf700000)
  to   space 653312K, 0% used [0x0000000770400000,0x0000000770400000,0x0000000798200000)
 ParOldGen       total 2317312K, used 1751734K [0x0000000640000000, 0x00000006cd700000, 0x0000000740000000)
  object space 2317312K, 75% used [0x0000000640000000,0x00000006aaead960,0x00000006cd700000)
 Metaspace       used 134808K, capacity 150406K, committed 150680K, reserved 1175552K
  class space    used 20940K, capacity 24930K, committed 24984K, reserved 1048576K
Event: 111.100 GC heap after
Heap after GC invocations=98 (full 7):
 PSYoungGen      total 1167360K, used 376737K [0x0000000740000000, 0x00000007c0000000, 0x00000007c0000000)
  eden space 790528K, 0% used [0x0000000740000000,0x0000000740000000,0x0000000770400000)
  from space 376832K, 99% used [0x0000000770400000,0x00000007873e8540,0x0000000787400000)
  to   space 673280K, 0% used [0x0000000796e80000,0x0000000796e80000,0x00000007c0000000)
 ParOldGen       total 2317312K, used 1751742K [0x0000000640000000, 0x00000006cd700000, 0x0000000740000000)
  object space 2317312K, 75% used [0x0000000640000000,0x00000006aaeaf960,0x00000006cd700000)
 Metaspace       used 134808K, capacity 150406K, committed 150680K, reserved 1175552K
  class space    used 20940K, capacity 24930K, committed 24984K, reserved 1048576K
}
Event: 111.919 GC heap before
{Heap before GC invocations=99 (full 7):
 PSYoungGen      total 1167360K, used 1167265K [0x0000000740000000, 0x00000007c0000000, 0x00000007c0000000)
  eden space 790528K, 100% used [0x0000000740000000,0x0000000770400000,0x0000000770400000)
  from space 376832K, 99% used [0x0000000770400000,0x00000007873e8540,0x0000000787400000)
  to   space 673280K, 0% used [0x0000000796e80000,0x0000000796e80000,0x00000007c0000000)
 ParOldGen       total 2317312K, used 1751999K [0x0000000640000000, 0x00000006cd700000, 0x0000000740000000)
  object space 2317312K, 75% used [0x0000000640000000,0x00000006aaeefe28,0x00000006cd700000)
 Metaspace       used 135372K, capacity 151066K, committed 151320K, reserved 1175552K
  class space    used 20991K, capacity 25010K, committed 25112K, reserved 1048576K
Event: 112.049 GC heap after
Heap after GC invocations=99 (full 7):
 PSYoungGen      total 1396224K, used 379334K [0x0000000740000000, 0x00000007c0000000, 0x00000007c0000000)
  eden space 722944K, 0% used [0x0000000740000000,0x0000000740000000,0x000000076c200000)
  from space 673280K, 56% used [0x0000000796e80000,0x00000007ae0f1800,0x00000007c0000000)
  to   space 687104K, 0% used [0x000000076c200000,0x000000076c200000,0x0000000796100000)
 ParOldGen       total 2317312K, used 1752158K [0x0000000640000000, 0x00000006cd700000, 0x0000000740000000)
  object space 2317312K, 75% used [0x0000000640000000,0x00000006aaf17968,0x00000006cd700000)
 Metaspace       used 135372K, capacity 151066K, committed 151320K, reserved 1175552K
  class space    used 20991K, capacity 25010K, committed 25112K, reserved 1048576K
}
Event: 113.723 GC heap before
{Heap before GC invocations=100 (full 7):
 PSYoungGen      total 1396224K, used 1102278K [0x0000000740000000, 0x00000007c0000000, 0x00000007c0000000)
  eden space 722944K, 100% used [0x0000000740000000,0x000000076c200000,0x000000076c200000)
  from space 673280K, 56% used [0x0000000796e80000,0x00000007ae0f1800,0x00000007c0000000)
  to   space 687104K, 0% used [0x000000076c200000,0x000000076c200000,0x0000000796100000)
 ParOldGen       total 2317312K, used 1752158K [0x0000000640000000, 0x00000006cd700000, 0x0000000740000000)
  object space 2317312K, 75% used [0x0000000640000000,0x00000006aaf17968,0x00000006cd700000)
 Metaspace       used 135926K, capacity 151792K, committed 152088K, reserved 1175552K
  class space    used 21005K, capacity 25025K, committed 25112K, reserved 1048576K
Event: 113.843 GC heap after
Heap after GC invocations=100 (full 7):
 PSYoungGen      total 1108480K, used 385136K [0x0000000740000000, 0x00000007c0000000, 0x00000007c0000000)
  eden space 722944K, 0% used [0x0000000740000000,0x0000000740000000,0x000000076c200000)
  from space 385536K, 99% used [0x000000076c200000,0x0000000783a1c228,0x0000000783a80000)
  to   space 697856K, 0% used [0x0000000795680000,0x0000000795680000,0x00000007c0000000)
 ParOldGen       total 2317312K, used 1752166K [0x0000000640000000, 0x00000006cd700000, 0x0000000740000000)
  object space 2317312K, 75% used [0x0000000640000000,0x00000006aaf19968,0x00000006cd700000)
 Metaspace       used 135926K, capacity 151792K, committed 152088K, reserved 1175552K
  class space    used 21005K, capacity 25025K, committed 25112K, reserved 1048576K
}
Event: 115.066 GC heap before
{Heap before GC invocations=101 (full 7):
 PSYoungGen      total 1108480K, used 1108080K [0x0000000740000000, 0x00000007c0000000, 0x00000007c0000000)
  eden space 722944K, 100% used [0x0000000740000000,0x000000076c200000,0x000000076c200000)
  from space 385536K, 99% used [0x000000076c200000,0x0000000783a1c228,0x0000000783a80000)
  to   space 697856K, 0% used [0x0000000795680000,0x0000000795680000,0x00000007c0000000)
 ParOldGen       total 2317312K, used 1752166K [0x0000000640000000, 0x00000006cd700000, 0x0000000740000000)
  object space 2317312K, 75% used [0x0000000640000000,0x00000006aaf19968,0x00000006cd700000)
 Metaspace       used 136116K, capacity 151988K, committed 152088K, reserved 1175552K
  class space    used 21009K, capacity 25027K, committed 25112K, reserved 1048576K
Event: 115.194 GC heap after
Heap after GC invocations=101 (full 7):
 PSYoungGen      total 1397248K, used 386372K [0x0000000740000000, 0x00000007c0000000, 0x00000007c0000000)
  eden space 699392K, 0% used [0x0000000740000000,0x0000000740000000,0x000000076ab00000)
  from space 697856K, 55% used [0x0000000795680000,0x00000007acfd12c0,0x00000007c0000000)
  to   space 698880K, 0% used [0x000000076ab00000,0x000000076ab00000,0x0000000795580000)
 ParOldGen       total 2317312K, used 1752174K [0x0000000640000000, 0x00000006cd700000, 0x0000000740000000)
  object space 2317312K, 75% used [0x0000000640000000,0x00000006aaf1b968,0x00000006cd700000)
 Metaspace       used 136116K, capacity 151988K, committed 152088K, reserved 1175552K
  class space    used 21009K, capacity 25027K, committed 25112K, reserved 1048576K
}

Deoptimization events (10 events):
Event: 116.948 Thread 0x00000281c4bef000 Uncommon trap: reason=unstable_if action=reinterpret pc=0x00000281c870081c method=java.util.concurrent.CompletableFuture$Signaller.isReleasable()Z @ 37
Event: 117.046 Thread 0x00000281c4bef000 Uncommon trap: reason=unstable_if action=reinterpret pc=0x00000281caa519f8 method=net.minecraft.class_4597$class_4598.getBuffer(Lnet/minecraft/class_1921;)Lnet/minecraft/class_4588; @ 55
Event: 117.046 Thread 0x00000281c4bef000 Uncommon trap: reason=unstable_if action=reinterpret pc=0x00000281c7077630 method=net.minecraft.class_4597$class_4598.method_22994(Lnet/minecraft/class_1921;)V @ 54
Event: 117.059 Thread 0x00000281c4bef000 Uncommon trap: reason=predicate action=maybe_recompile pc=0x00000281cadae43c method=net.minecraft.class_630.method_22702(Lnet/minecraft/class_4587$class_4665;Lnet/minecraft/class_4588;IIFFFF)V @ 67
Event: 117.068 Thread 0x00000281c4bef000 Uncommon trap: reason=class_check action=maybe_recompile pc=0x00000281c86b7884 method=java.util.stream.Collectors.lambda$groupingBy$45(Ljava/util/function/Function;Ljava/util/function/Supplier;Ljava/util/function/BiConsumer;Ljava/util/Map;Ljava/lang/Objec
Event: 117.068 Thread 0x00000281c4bef000 Uncommon trap: reason=class_check action=maybe_recompile pc=0x00000281c86b7884 method=java.util.stream.Collectors.lambda$groupingBy$45(Ljava/util/function/Function;Ljava/util/function/Supplier;Ljava/util/function/BiConsumer;Ljava/util/Map;Ljava/lang/Objec
Event: 117.068 Thread 0x00000281c4bef000 Uncommon trap: reason=class_check action=maybe_recompile pc=0x00000281c86b7884 method=java.util.stream.Collectors.lambda$groupingBy$45(Ljava/util/function/Function;Ljava/util/function/Supplier;Ljava/util/function/BiConsumer;Ljava/util/Map;Ljava/lang/Objec
Event: 117.068 Thread 0x00000281c4bef000 Uncommon trap: reason=class_check action=maybe_recompile pc=0x00000281c86b7884 method=java.util.stream.Collectors.lambda$groupingBy$45(Ljava/util/function/Function;Ljava/util/function/Supplier;Ljava/util/function/BiConsumer;Ljava/util/Map;Ljava/lang/Objec
Event: 117.068 Thread 0x00000281c4bef000 Uncommon trap: reason=class_check action=maybe_recompile pc=0x00000281c6af23b8 method=java.util.stream.Collectors.lambda$groupingBy$45(Ljava/util/function/Function;Ljava/util/function/Supplier;Ljava/util/function/BiConsumer;Ljava/util/Map;Ljava/lang/Objec
Event: 117.074 Thread 0x00000281c4bef000 Uncommon trap: reason=unstable_if action=reinterpret pc=0x00000281ca587e88 method=net.minecraft.class_324.method_1693(Lnet/minecraft/class_2680;Lnet/minecraft/class_1920;Lnet/minecraft/class_2338;I)I @ 1

Classes redefined (0 events):
No events

Internal exceptions (10 events):
Event: 113.462 Thread 0x00000281c4bef000 Implicit null exception at 0x00000281c9dd8a92 to 0x00000281c9dd8cfd
Event: 114.368 Thread 0x00000281ff621800 Exception <a 'java/io/IOException'> (0x0000000756d74530) thrown at [C:\jenkins\workspace\8-2-build-windows-amd64-cygwin\jdk8u261\295\hotspot\src\share\vm\prims\jni.cpp, line 710]
Event: 114.370 Thread 0x00000281ff621800 Exception <a 'java/io/IOException'> (0x0000000756ded4f8) thrown at [C:\jenkins\workspace\8-2-build-windows-amd64-cygwin\jdk8u261\295\hotspot\src\share\vm\prims\jni.cpp, line 710]
Event: 115.302 Thread 0x00000281ff621800 Exception <a 'java/io/IOException'> (0x0000000740c22098) thrown at [C:\jenkins\workspace\8-2-build-windows-amd64-cygwin\jdk8u261\295\hotspot\src\share\vm\prims\jni.cpp, line 710]
Event: 115.305 Thread 0x00000281ff621800 Exception <a 'java/io/IOException'> (0x0000000743535e90) thrown at [C:\jenkins\workspace\8-2-build-windows-amd64-cygwin\jdk8u261\295\hotspot\src\share\vm\prims\jni.cpp, line 710]
Event: 116.487 Thread 0x00000281c4bef000 Exception <a 'java/io/IOException'> (0x000000074e9d42f8) thrown at [C:\jenkins\workspace\8-2-build-windows-amd64-cygwin\jdk8u261\295\hotspot\src\share\vm\prims\jni.cpp, line 710]
Event: 116.914 Thread 0x000002818cd70800 Implicit null exception at 0x00000281cadb8f83 to 0x00000281cadbc72d
Event: 117.044 Thread 0x00000281c4bef000 Exception <a 'java/io/IOException'> (0x0000000765ccf268) thrown at [C:\jenkins\workspace\8-2-build-windows-amd64-cygwin\jdk8u261\295\hotspot\src\share\vm\prims\jni.cpp, line 710]
Event: 117.062 Thread 0x00000281c4bef000 Exception <a 'java/io/IOException'> (0x0000000766c1f0c8) thrown at [C:\jenkins\workspace\8-2-build-windows-amd64-cygwin\jdk8u261\295\hotspot\src\share\vm\prims\jni.cpp, line 710]
Event: 117.074 Thread 0x00000281c4bef000 Implicit null exception at 0x00000281ca58740f to 0x00000281ca587e75

Events (10 events):
Event: 117.068 Thread 0x00000281c4bef000 Uncommon trap: trap_request=0xffffffde fr.pc=0x00000281c6af23b8
Event: 117.068 Thread 0x00000281c4bef000 DEOPT PACKING pc=0x00000281c6af23b8 sp=0x0000009f006fdb20
Event: 117.068 Thread 0x00000281c4bef000 DEOPT UNPACKING pc=0x00000281c6695843 sp=0x0000009f006fdb00 mode 2
Event: 117.070 loading class net/minecraft/class_4587
Event: 117.070 loading class net/minecraft/class_4587 done
Event: 117.071 loading class me/shedaniel/rei/gui/widget/EntryListWidget
Event: 117.071 loading class me/shedaniel/rei/gui/widget/EntryListWidget done
Event: 117.074 Thread 0x00000281c4bef000 Uncommon trap: trap_request=0xffffff65 fr.pc=0x00000281ca587e88
Event: 117.074 Thread 0x00000281c4bef000 DEOPT PACKING pc=0x00000281ca587e88 sp=0x0000009f006fd3f0
Event: 117.074 Thread 0x00000281c4bef000 DEOPT UNPACKING pc=0x00000281c6695843 sp=0x0000009f006fd360 mode 2


Dynamic libraries:
0x00007ff6e0900000 - 0x00007ff6e0947000 	D:\Java\jre1.8.0_261\bin\javaw.exe
0x00007ffc16360000 - 0x00007ffc16550000 	C:\WINDOWS\SYSTEM32\ntdll.dll
0x00007ffc14870000 - 0x00007ffc14922000 	C:\WINDOWS\System32\KERNEL32.DLL
0x00007ffc13a40000 - 0x00007ffc13ce4000 	C:\WINDOWS\System32\KERNELBASE.dll
0x00007ffc16040000 - 0x00007ffc160e3000 	C:\WINDOWS\System32\ADVAPI32.dll
0x00007ffc14d90000 - 0x00007ffc14e2e000 	C:\WINDOWS\System32\msvcrt.dll
0x00007ffc14aa0000 - 0x00007ffc14b37000 	C:\WINDOWS\System32\sechost.dll
0x00007ffc160f0000 - 0x00007ffc16210000 	C:\WINDOWS\System32\RPCRT4.dll
0x00007ffc14510000 - 0x00007ffc146a4000 	C:\WINDOWS\System32\USER32.dll
0x00007ffc13fa0000 - 0x00007ffc13fc1000 	C:\WINDOWS\System32\win32u.dll
0x00007ffc16260000 - 0x00007ffc16286000 	C:\WINDOWS\System32\GDI32.dll
0x00007ffc13ff0000 - 0x00007ffc14186000 	C:\WINDOWS\System32\gdi32full.dll
0x00007ffc13d70000 - 0x00007ffc13e0e000 	C:\WINDOWS\System32\msvcp_win.dll
0x00007ffc142e0000 - 0x00007ffc143da000 	C:\WINDOWS\System32\ucrtbase.dll
0x00007ffbfb090000 - 0x00007ffbfb314000 	C:\WINDOWS\WinSxS\amd64_microsoft.windows.common-controls_6595b64144ccf1df_6.0.18362.959_none_e6c7bbbf130c62bb\COMCTL32.dll
0x00007ffc155a0000 - 0x00007ffc158d5000 	C:\WINDOWS\System32\combase.dll
0x00007ffc13cf0000 - 0x00007ffc13d70000 	C:\WINDOWS\System32\bcryptPrimitives.dll
0x00007ffc16210000 - 0x00007ffc1623e000 	C:\WINDOWS\System32\IMM32.DLL
0x00007ffbf68e0000 - 0x00007ffbf68f5000 	D:\Java\jre1.8.0_261\bin\vcruntime140.dll
0x00007ffbedd10000 - 0x00007ffbeddab000 	D:\Java\jre1.8.0_261\bin\msvcp140.dll
0x00000000633d0000 - 0x0000000063c3c000 	D:\Java\jre1.8.0_261\bin\server\jvm.dll
0x00007ffc143e0000 - 0x00007ffc143e8000 	C:\WINDOWS\System32\PSAPI.DLL
0x00007ffc0f1e0000 - 0x00007ffc0f1e9000 	C:\WINDOWS\SYSTEM32\WSOCK32.dll
0x00007ffc0da60000 - 0x00007ffc0da6a000 	C:\WINDOWS\SYSTEM32\VERSION.dll
0x00007ffc065d0000 - 0x00007ffc065f4000 	C:\WINDOWS\SYSTEM32\WINMM.dll
0x00007ffc15a90000 - 0x00007ffc15aff000 	C:\WINDOWS\System32\WS2_32.dll
0x00007ffc065a0000 - 0x00007ffc065cd000 	C:\WINDOWS\SYSTEM32\winmmbase.dll
0x00007ffc13f50000 - 0x00007ffc13f9a000 	C:\WINDOWS\System32\cfgmgr32.dll
0x00007ffc13260000 - 0x00007ffc13271000 	C:\WINDOWS\System32\kernel.appcore.dll
0x00007ffc0f7a0000 - 0x00007ffc0f7b0000 	D:\Java\jre1.8.0_261\bin\verify.dll
0x00007ffbf3c90000 - 0x00007ffbf3cbb000 	D:\Java\jre1.8.0_261\bin\java.dll
0x00007ffbf5e10000 - 0x00007ffbf5e28000 	D:\Java\jre1.8.0_261\bin\zip.dll
0x00007ffc14e30000 - 0x00007ffc15516000 	C:\WINDOWS\System32\SHELL32.dll
0x00007ffc14460000 - 0x00007ffc14509000 	C:\WINDOWS\System32\shcore.dll
0x00007ffc132b0000 - 0x00007ffc13a32000 	C:\WINDOWS\System32\windows.storage.dll
0x00007ffc13280000 - 0x00007ffc132a3000 	C:\WINDOWS\System32\profapi.dll
0x00007ffc13210000 - 0x00007ffc1325a000 	C:\WINDOWS\System32\powrprof.dll
0x00007ffc131e0000 - 0x00007ffc131f0000 	C:\WINDOWS\System32\UMPDC.dll
0x00007ffc16290000 - 0x00007ffc162e2000 	C:\WINDOWS\System32\shlwapi.dll
0x00007ffc13fd0000 - 0x00007ffc13fe7000 	C:\WINDOWS\System32\cryptsp.dll
0x00007ffc0f1b0000 - 0x00007ffc0f1bd000 	D:\Java\jre1.8.0_261\bin\management.dll
0x00007ffbf5040000 - 0x00007ffbf505c000 	D:\Java\jre1.8.0_261\bin\net.dll
0x00007ffc12a50000 - 0x00007ffc12ab7000 	C:\WINDOWS\system32\mswsock.dll
0x00007ffc0d8a0000 - 0x00007ffc0d8b6000 	C:\WINDOWS\system32\napinsp.dll
0x00007ffbfbb70000 - 0x00007ffbfbb8a000 	C:\WINDOWS\system32\pnrpnsp.dll
0x00007ffc127a0000 - 0x00007ffc1286b000 	C:\WINDOWS\SYSTEM32\DNSAPI.dll
0x00007ffc14930000 - 0x00007ffc14938000 	C:\WINDOWS\System32\NSI.dll
0x00007ffc12760000 - 0x00007ffc1279a000 	C:\WINDOWS\SYSTEM32\IPHLPAPI.DLL
0x00007ffc0fbc0000 - 0x00007ffc0fbce000 	C:\WINDOWS\System32\winrnr.dll
0x00007ffc0e3f0000 - 0x00007ffc0e40c000 	C:\WINDOWS\system32\NLAapi.dll
0x00007ffbf3850000 - 0x00007ffbf3865000 	C:\WINDOWS\system32\wshbth.dll
0x00007ffc0a7c0000 - 0x00007ffc0a7ca000 	C:\Windows\System32\rasadhlp.dll
0x00007ffc0d430000 - 0x00007ffc0d4a7000 	C:\WINDOWS\System32\fwpuclnt.dll
0x00007ffc13f20000 - 0x00007ffc13f46000 	C:\WINDOWS\System32\bcrypt.dll
0x00007ffbf38c0000 - 0x00007ffbf38d3000 	D:\Java\jre1.8.0_261\bin\nio.dll
0x00007ffc125c0000 - 0x00007ffc125f3000 	C:\WINDOWS\system32\rsaenh.dll
0x00007ffc130d0000 - 0x00007ffc130f5000 	C:\WINDOWS\SYSTEM32\USERENV.dll
0x00007ffc12c20000 - 0x00007ffc12c2c000 	C:\WINDOWS\SYSTEM32\CRYPTBASE.dll
0x00007ffc0dba0000 - 0x00007ffc0dbb6000 	C:\WINDOWS\SYSTEM32\dhcpcsvc6.DLL
0x00007ffc0db30000 - 0x00007ffc0db4c000 	C:\WINDOWS\SYSTEM32\dhcpcsvc.DLL
0x00007ffbf30e0000 - 0x00007ffbf3152000 	C:\Users\bulld\AppData\Roaming\.minecraft\bin\26bd-555f-2930-cbe9\lwjgl.dll
0x00007ffbef400000 - 0x00007ffbef45e000 	C:\Users\bulld\AppData\Roaming\.minecraft\bin\26bd-555f-2930-cbe9\glfw.dll
0x00007ffbef3d0000 - 0x00007ffbef3f4000 	D:\Java\jre1.8.0_261\bin\sunec.dll
0x00007ffc03550000 - 0x00007ffc0355d000 	D:\Java\jre1.8.0_261\bin\sunmscapi.dll
0x00007ffc14190000 - 0x00007ffc142d9000 	C:\WINDOWS\System32\CRYPT32.dll
0x00007ffc131f0000 - 0x00007ffc13202000 	C:\WINDOWS\System32\MSASN1.dll
0x00007ffc12d20000 - 0x00007ffc12d46000 	C:\WINDOWS\SYSTEM32\ncrypt.dll
0x00007ffc12ce0000 - 0x00007ffc12d1b000 	C:\WINDOWS\SYSTEM32\NTASN1.dll
0x00007ffbea350000 - 0x00007ffbea5a1000 	C:\Users\bulld\AppData\Roaming\.minecraft\bin\26bd-555f-2930-cbe9\jemalloc.dll
0x00007ffc11190000 - 0x00007ffc11229000 	C:\WINDOWS\system32\uxtheme.dll
0x00007ffbf4fe0000 - 0x00007ffbf5023000 	C:\WINDOWS\SYSTEM32\dinput8.dll
0x00007ffbea010000 - 0x00007ffbea021000 	C:\WINDOWS\SYSTEM32\xinput1_4.dll
0x00007ffc12fe0000 - 0x00007ffc1300a000 	C:\WINDOWS\SYSTEM32\DEVOBJ.dll
0x00007ffc00230000 - 0x00007ffc0034b000 	C:\WINDOWS\SYSTEM32\inputhost.dll
0x00007ffc10ae0000 - 0x00007ffc10bb4000 	C:\WINDOWS\SYSTEM32\CoreMessaging.dll
0x00007ffc0f290000 - 0x00007ffc0f3e3000 	C:\WINDOWS\SYSTEM32\wintypes.dll
0x00007ffc0efe0000 - 0x00007ffc0f0d0000 	C:\WINDOWS\SYSTEM32\PROPSYS.dll
0x00007ffc02a50000 - 0x00007ffc02d7a000 	C:\WINDOWS\SYSTEM32\CoreUIComponents.dll
0x00007ffc147a0000 - 0x00007ffc14865000 	C:\WINDOWS\System32\OLEAUT32.dll
0x00007ffc12240000 - 0x00007ffc12271000 	C:\WINDOWS\SYSTEM32\ntmarta.dll
0x00007ffc11790000 - 0x00007ffc117bd000 	C:\WINDOWS\SYSTEM32\dwmapi.dll
0x00007ffc14b40000 - 0x00007ffc14c75000 	C:\WINDOWS\System32\MSCTF.dll
0x00007ffc11dc0000 - 0x00007ffc11dce000 	C:\WINDOWS\SYSTEM32\HID.DLL
0x00007ffc15b00000 - 0x00007ffc15f70000 	C:\WINDOWS\System32\SETUPAPI.DLL
0x00007ffc13e10000 - 0x00007ffc13e6c000 	C:\WINDOWS\System32\WINTRUST.dll
0x00007ffbec470000 - 0x00007ffbec5c6000 	C:\WINDOWS\SYSTEM32\opengl32.dll
0x00007ffbf6c90000 - 0x00007ffbf6cbc000 	C:\WINDOWS\SYSTEM32\GLU32.dll
0x00007ffc11e50000 - 0x00007ffc11e70000 	C:\WINDOWS\SYSTEM32\dxcore.dll
0x00007ffba6280000 - 0x00007ffba8958000 	C:\WINDOWS\System32\DriverStore\FileRepository\nv_dispi.inf_amd64_ce13a81bcfac4a48\nvoglv64.dll
0x00007ffc14940000 - 0x00007ffc14a97000 	C:\WINDOWS\System32\ole32.dll
0x00007ffc0f6a0000 - 0x00007ffc0f6b3000 	C:\WINDOWS\SYSTEM32\WTSAPI32.dll
0x00007ffbe5e50000 - 0x00007ffbe6114000 	C:\WINDOWS\system32\nvspcap64.dll
0x00007ffc122b0000 - 0x00007ffc12306000 	C:\WINDOWS\SYSTEM32\WINSTA.dll
0x00007ffbf41c0000 - 0x00007ffbf4218000 	C:\Users\bulld\AppData\Roaming\.minecraft\bin\26bd-555f-2930-cbe9\lwjgl_opengl.dll
0x00007ffbf1e90000 - 0x00007ffbf1f0f000 	C:\Users\bulld\AppData\Roaming\.minecraft\bin\26bd-555f-2930-cbe9\lwjgl_stb.dll
0x00007ffc00590000 - 0x00007ffc0063e000 	C:\WINDOWS\SYSTEM32\mscms.dll
0x00007ffc00510000 - 0x00007ffc00527000 	C:\WINDOWS\SYSTEM32\ColorAdapterClient.dll
0x00007ffbf4170000 - 0x00007ffbf41b3000 	C:\WINDOWS\SYSTEM32\icm32.dll
0x00007ffbf1e40000 - 0x00007ffbf1e82000 	E:\Temp\jna-94097841\jna6824611966532932434.dll
0x00007ffbfbdc0000 - 0x00007ffbfbdda000 	C:\Users\bulld\AppData\Roaming\.minecraft\bin\26bd-555f-2930-cbe9\SAPIWrapper_x64.dll
0x00007ffc14ce0000 - 0x00007ffc14d82000 	C:\WINDOWS\System32\clbcatq.dll
0x00007ffbeba60000 - 0x00007ffbebbdf000 	C:\WINDOWS\System32\Speech\Common\sapi.dll
0x00007ffc0edc0000 - 0x00007ffc0eddc000 	C:\WINDOWS\SYSTEM32\MSACM32.dll
0x00007ffc03400000 - 0x00007ffc0340b000 	C:\WINDOWS\SYSTEM32\msdmo.dll
0x00007ffc0e980000 - 0x00007ffc0e9f2000 	C:\WINDOWS\System32\MMDevApi.dll
0x00007ffc05090000 - 0x00007ffc0512e000 	C:\WINDOWS\System32\TextInputFramework.dll
0x00007ffc06930000 - 0x00007ffc06bd6000 	C:\WINDOWS\System32\iertutil.dll
0x00007ffbea880000 - 0x00007ffbea994000 	C:\Users\bulld\AppData\Roaming\.minecraft\bin\26bd-555f-2930-cbe9\OpenAL.dll
0x00007ffc0ea00000 - 0x00007ffc0eb5d000 	C:\WINDOWS\SYSTEM32\AUDIOSES.DLL
0x00007ffc114c0000 - 0x00007ffc114d4000 	C:\WINDOWS\SYSTEM32\resourcepolicyclient.dll
0x00007ffbed910000 - 0x00007ffbedaa4000 	D:\Java\jre1.8.0_261\bin\awt.dll
0x00007ffc110c0000 - 0x00007ffc1114f000 	C:\WINDOWS\SYSTEM32\apphelp.dll
0x00007ffc11960000 - 0x00007ffc11b54000 	C:\WINDOWS\SYSTEM32\dbghelp.dll

VM Arguments:
jvm_args: -XX:HeapDumpPath=MojangTricksIntelDriversForPerformance_javaw.exe_minecraft.exe.heapdump -Dos.name=Windows 10 -Dos.version=10.0 -Xss1M -Djava.library.path=C:\Users\bulld\AppData\Roaming\.minecraft\bin\26bd-555f-2930-cbe9 -Dminecraft.launcher.brand=minecraft-launcher -Dminecraft.launcher.version=2.1.16101 -Xmx6G -XX:+UnlockExperimentalVMOptions -Dlog4j.configurationFile=C:\Users\bulld\AppData\Roaming\.minecraft\assets\log_configs\client-1.12.xml 
java_command: net.fabricmc.loader.launch.knot.KnotClient --username Bulldog83 --version fabric-loader-0.9.0+build.204-1.16.1 --gameDir H:\Minecraft\profiles\Fabric --assetsDir C:\Users\bulld\AppData\Roaming\.minecraft\assets --assetIndex 1.16 --uuid fe49ff6ef16b4a61a59b83d933da00de --accessToken eyJhbGciOiJIUzI1NiJ9.eyJzdWIiOiIyMjIxZjVlZTY2OTM0OTE1YTVjZmY2NTc0NTAyYjg5OSIsInlnZ3QiOiJmYmZmMzUyODczMzg0ZDgwYjc4YjY1MDRjOGY4NzI5NyIsInNwciI6ImZlNDlmZjZlZjE2YjRhNjFhNTliODNkOTMzZGEwMGRlIiwiaXNzIjoiWWdnZHJhc2lsLUF1dGgiLCJleHAiOjE1OTY0NjE1NDksImlhdCI6MTU5NjI4ODc0OX0.WMEBzKx-HU3GKpZpRd3oToKUjp1i5rjaSllWXfWQC6E --userType mojang --versionType release --width 1920 --height 1080
java_class_path (initial): C:\Users\bulld\AppData\Roaming\.minecraft\libraries\net\fabricmc\tiny-mappings-parser\0.2.2.14\tiny-mappings-parser-0.2.2.14.jar;C:\Users\bulld\AppData\Roaming\.minecraft\libraries\net\fabricmc\sponge-mixin\0.8+build.18\sponge-mixin-0.8+build.18.jar;C:\Users\bulld\AppData\Roaming\.minecraft\libraries\net\fabricmc\tiny-remapper\0.2.2.64\tiny-remapper-0.2.2.64.jar;C:\Users\bulld\AppData\Roaming\.minecraft\libraries\net\fabricmc\fabric-loader-sat4j\2.3.5.4\fabric-loader-sat4j-2.3.5.4.jar;C:\Users\bulld\AppData\Roaming\.minecraft\libraries\com\google\jimfs\jimfs\1.2-fabric\jimfs-1.2-fabric.jar;C:\Users\bulld\AppData\Roaming\.minecraft\libraries\org\ow2\asm\asm\8.0\asm-8.0.jar;C:\Users\bulld\AppData\Roaming\.minecraft\libraries\org\ow2\asm\asm-analysis\8.0\asm-analysis-8.0.jar;C:\Users\bulld\AppData\Roaming\.minecraft\libraries\org\ow2\asm\asm-commons\8.0\asm-commons-8.0.jar;C:\Users\bulld\AppData\Roaming\.minecraft\libraries\org\ow2\asm\asm-tree\8.0\asm-tree-8.0.jar;C:\Users\bulld\AppData\Roaming\.minecraft\libraries\org\ow2\asm\asm-util\8.0\asm-util-8.0.jar;C:\Users\bulld\AppData\Roaming\.minecraft\libraries\com\google\guava\guava\21.0\guava-21.0.jar;C:\Users\bulld\AppData\Roaming\.minecraft\libraries\net\fabricmc\intermediary\1.16.1\intermediary-1.16.1.jar;C:\Users\bulld\AppData\Roaming\.minecraft\libraries\net\fabricmc\fabric-loader\0.9.0+build.204\fabric-loader-0.9.0+build.204.jar;C:\Users\bulld\AppData\Roaming\.minecraft\libraries\com\mojang\patchy\1.1\patchy-1.1.jar;C:\Users\bulld\AppData\Roaming\.minecraft\libraries\oshi-project\oshi-core\1.1\oshi-core-1.1.jar;C:\Users\bulld\AppData\Roaming\.minecraft\libraries\net\java\dev\jna\jna\4.4.0\jna-4.4.0.jar;C:\Users\bulld\AppData\Roaming\.minecraft\libraries\net\java\dev\jna\platform\3.4.0\platform-3.4.0.jar;C:\Users\bulld\AppData\Roaming\.minecraft\libraries\com\ibm\icu\icu4j\66.1\icu4j-66.1.jar;C:\Users\bulld\AppData\Roaming\.minecraft\libraries\com\mojang\javabridge\1.0.22\javabridge-1.0
Launcher Type: SUN_STANDARD

Environment Variables:
PATH=C:\WINDOWS\system32;C:\WINDOWS;C:\WINDOWS\System32\Wbem;C:\WINDOWS\System32\WindowsPowerShell\v1.0\;C:\WINDOWS\System32\OpenSSH\;D:\Microsoft VS Code\bin;C:\Program Files\NVIDIA Corporation\NVIDIA NvDLISR;C:\Program Files (x86)\NVIDIA Corporation\PhysX\Common;C:\WINDOWS\system32;C:\WINDOWS;C:\WINDOWS\System32\Wbem;C:\WINDOWS\System32\WindowsPowerShell\v1.0\;C:\WINDOWS\System32\OpenSSH\;D:\Git\cmd;C:\Users\bulld\AppData\Local\Microsoft\WindowsApps;C:\Users\bulld\AppData\Local\GitHubDesktop\bin;C:\Users\bulld\AppData\Local\Programs\Microsoft VS Code\bin;C:\Users\bulld\AppData\Local\Microsoft\WindowsApps;
USERNAME=bulld
OS=Windows_NT
PROCESSOR_IDENTIFIER=Intel64 Family 6 Model 45 Stepping 7, GenuineIntel



---------------  S Y S T E M  ---------------

OS: Windows 10.0 , 64 bit Build 18362 (10.0.18362.959)

CPU:total 8 (initial active 8) (4 cores per cpu, 2 threads per core) family 6 model 45 stepping 7, cmov, cx8, fxsr, mmx, sse, sse2, sse3, ssse3, sse4.1, sse4.2, popcnt, avx, aes, clmul, ht, tsc, tscinvbit, tscinv

Memory: 4k page, physical 16726504k(4106120k free), swap 20717156k(2124164k free)

vm_info: Java HotSpot(TM) 64-Bit Server VM (25.261-b12) for windows-amd64 JRE (1.8.0_261-b12), built on Jun 18 2020 06:56:32 by "" with unknown MS VC++:1916

time: Sat Aug  1 22:15:33 2020
timezone: RTZ 2 (ceia)
elapsed time: 117 seconds (0d 0h 1m 57s)

